[debug] [2019-06-27T13:42:07.169Z] ----------------------------------------------------------------------
[debug] [2019-06-27T13:42:07.174Z] Command:       C:\Program Files\nodejs\node.exe C:\Users\marqu\AppData\Roaming\npm\node_modules\firebase-tools\lib\bin\firebase.js init
[debug] [2019-06-27T13:42:07.175Z] CLI Version:   7.0.1
[debug] [2019-06-27T13:42:07.175Z] Platform:      win32
[debug] [2019-06-27T13:42:07.175Z] Node Version:  v10.15.3
[debug] [2019-06-27T13:42:07.178Z] Time:          Thu Jun 27 2019 08:42:07 GMT-0500 (GMT-05:00)
[debug] [2019-06-27T13:42:07.178Z] ----------------------------------------------------------------------
[debug] 
[debug] [2019-06-27T13:42:07.196Z] > command requires scopes: ["email","openid","https://www.googleapis.com/auth/cloudplatformprojects.readonly","https://www.googleapis.com/auth/firebase","https://www.googleapis.com/auth/cloud-platform"]
[debug] [2019-06-27T13:42:07.197Z] > authorizing via signed-in user
[info] 
     ######## #### ########  ######## ########     ###     ######  ########
     ##        ##  ##     ## ##       ##     ##  ##   ##  ##       ##
     ######    ##  ########  ######   ########  #########  ######  ######
     ##        ##  ##    ##  ##       ##     ## ##     ##       ## ##
     ##       #### ##     ## ######## ########  ##     ##  ######  ########

You're about to initialize a Firebase project in this directory:

  C:\Users\marqu\Desktop\Vue\practica1.1

[info] 
=== Project Setup
[info] 
[info] First, let's associate this project directory with a Firebase project.
[info] You can create multiple project aliases by running firebase use --add, 
[info] but for now we'll just set up a default project.
[info] 
[debug] [2019-06-27T13:42:10.401Z] >>> HTTP REQUEST GET https://firebase.googleapis.com/v1beta1/projects?page_size=100  
 
[debug] [2019-06-27T15:06:05.990Z] Error: read ECONNRESET
    at TLSWrap.onStreamRead (internal/stream_base_commons.js:111:27)
